[90mSat, 12 Apr 2025 17:09:55 -0500[0m [32mINF[0m [1mgithub.com/Telmate/terraform-provider-proxmox/v2/proxmox/util.go:189[0m[36m >[0m [1mLogging Started. Root Logger Set to level info[0m
[90mSat, 12 Apr 2025 17:09:55 -0500[0m [32mINF[0m [1mgithub.com/Telmate/terraform-provider-proxmox/v2/proxmox/resource_pool.go:86[0m[36m >[0m [1mReading configuration for poolid[0m [36mloggerName=[0mresource_pool_read [36mpoolid=[0mtalos
[90mSat, 12 Apr 2025 17:09:55 -0500[0m [32mINF[0m [1mgithub.com/Telmate/terraform-provider-proxmox/v2/proxmox/resource_vm_qemu.go:1143[0m[36m >[0m [1mReading configuration for vmid[0m [36mloggerName=[0mresource_vm_read [36mvmid=[0m104
[90mSat, 12 Apr 2025 17:09:56 -0500[0m [32mINF[0m [1mgithub.com/Telmate/terraform-provider-proxmox/v2/proxmox/resource_vm_qemu.go:1143[0m[36m >[0m [1mReading configuration for vmid[0m [36mloggerName=[0mresource_vm_read [36mvmid=[0m105
[90mSat, 12 Apr 2025 17:09:56 -0500[0m [32mINF[0m [1mgithub.com/Telmate/terraform-provider-proxmox/v2/proxmox/resource_vm_qemu.go:1514[0m[36m >[0m [1mdefine_connection_info is false, no further action[0m [36mloggerName=[0minitConnInfo [36mvmid=[0m105
[90mSat, 12 Apr 2025 17:09:56 -0500[0m [32mINF[0m [1mgithub.com/Telmate/terraform-provider-proxmox/v2/proxmox/resource_vm_qemu.go:1143[0m[36m >[0m [1mReading configuration for vmid[0m [36mloggerName=[0mresource_vm_read [36mvmid=[0m107
[90mSat, 12 Apr 2025 17:09:56 -0500[0m [32mINF[0m [1mgithub.com/Telmate/terraform-provider-proxmox/v2/proxmox/resource_vm_qemu.go:1143[0m[36m >[0m [1mReading configuration for vmid[0m [36mloggerName=[0mresource_vm_read [36mvmid=[0m109
[90mSat, 12 Apr 2025 17:09:56 -0500[0m [32mINF[0m [1mgithub.com/Telmate/terraform-provider-proxmox/v2/proxmox/resource_vm_qemu.go:1143[0m[36m >[0m [1mReading configuration for vmid[0m [36mloggerName=[0mresource_vm_read [36mvmid=[0m103
[90mSat, 12 Apr 2025 17:09:56 -0500[0m [32mINF[0m [1mgithub.com/Telmate/terraform-provider-proxmox/v2/proxmox/resource_vm_qemu.go:1143[0m[36m >[0m [1mReading configuration for vmid[0m [36mloggerName=[0mresource_vm_read [36mvmid=[0m108
[90mSat, 12 Apr 2025 17:10:00 -0500[0m [32mINF[0m [1mgithub.com/Telmate/terraform-provider-proxmox/v2/proxmox/util.go:189[0m[36m >[0m [1mLogging Started. Root Logger Set to level info[0m
[90mSat, 12 Apr 2025 17:10:00 -0500[0m [32mINF[0m [1mgithub.com/Telmate/terraform-provider-proxmox/v2/proxmox/resource_vm_qemu.go:906[0m[36m >[0m [1mStarting update of the VM resource[0m [36mloggerName=[0mresource_vm_update [36mvmid=[0m109
[90mSat, 12 Apr 2025 17:10:03 -0500[0m [32mINF[0m [1mgithub.com/Telmate/terraform-provider-proxmox/v2/proxmox/resource_vm_qemu.go:1143[0m[36m >[0m [1mReading configuration for vmid[0m [36mloggerName=[0mresource_vm_read [36mvmid=[0m109
[90mSat, 12 Apr 2025 17:10:03 -0500[0m [32mINF[0m [1mgithub.com/Telmate/terraform-provider-proxmox/v2/proxmox/resource_vm_qemu.go:1514[0m[36m >[0m [1mdefine_connection_info is false, no further action[0m [36mloggerName=[0minitConnInfo [36mvmid=[0m109
[90mSat, 12 Apr 2025 17:10:03 -0500[0m [32mINF[0m [1mgithub.com/Telmate/terraform-provider-proxmox/v2/proxmox/resource_vm_qemu.go:906[0m[36m >[0m [1mStarting update of the VM resource[0m [36mloggerName=[0mresource_vm_update [36mvmid=[0m104
[90mSat, 12 Apr 2025 17:10:06 -0500[0m [32mINF[0m [1mgithub.com/Telmate/terraform-provider-proxmox/v2/proxmox/resource_vm_qemu.go:1143[0m[36m >[0m [1mReading configuration for vmid[0m [36mloggerName=[0mresource_vm_read [36mvmid=[0m104
[90mSat, 12 Apr 2025 17:10:06 -0500[0m [32mINF[0m [1mgithub.com/Telmate/terraform-provider-proxmox/v2/proxmox/resource_vm_qemu.go:1514[0m[36m >[0m [1mdefine_connection_info is false, no further action[0m [36mloggerName=[0minitConnInfo [36mvmid=[0m104
[90mSat, 12 Apr 2025 17:10:06 -0500[0m [32mINF[0m [1mgithub.com/Telmate/terraform-provider-proxmox/v2/proxmox/resource_vm_qemu.go:906[0m[36m >[0m [1mStarting update of the VM resource[0m [36mloggerName=[0mresource_vm_update [36mvmid=[0m107
[90mSat, 12 Apr 2025 17:10:09 -0500[0m [32mINF[0m [1mgithub.com/Telmate/terraform-provider-proxmox/v2/proxmox/resource_vm_qemu.go:1143[0m[36m >[0m [1mReading configuration for vmid[0m [36mloggerName=[0mresource_vm_read [36mvmid=[0m107
[90mSat, 12 Apr 2025 17:10:09 -0500[0m [32mINF[0m [1mgithub.com/Telmate/terraform-provider-proxmox/v2/proxmox/resource_vm_qemu.go:1514[0m[36m >[0m [1mdefine_connection_info is false, no further action[0m [36mloggerName=[0minitConnInfo [36mvmid=[0m107
[90mSat, 12 Apr 2025 17:10:09 -0500[0m [32mINF[0m [1mgithub.com/Telmate/terraform-provider-proxmox/v2/proxmox/resource_vm_qemu.go:906[0m[36m >[0m [1mStarting update of the VM resource[0m [36mloggerName=[0mresource_vm_update [36mvmid=[0m103
[90mSat, 12 Apr 2025 17:10:13 -0500[0m [32mINF[0m [1mgithub.com/Telmate/terraform-provider-proxmox/v2/proxmox/resource_vm_qemu.go:1143[0m[36m >[0m [1mReading configuration for vmid[0m [36mloggerName=[0mresource_vm_read [36mvmid=[0m103
[90mSat, 12 Apr 2025 17:10:13 -0500[0m [32mINF[0m [1mgithub.com/Telmate/terraform-provider-proxmox/v2/proxmox/resource_vm_qemu.go:1514[0m[36m >[0m [1mdefine_connection_info is false, no further action[0m [36mloggerName=[0minitConnInfo [36mvmid=[0m103
[90mSat, 12 Apr 2025 17:10:13 -0500[0m [32mINF[0m [1mgithub.com/Telmate/terraform-provider-proxmox/v2/proxmox/resource_vm_qemu.go:906[0m[36m >[0m [1mStarting update of the VM resource[0m [36mloggerName=[0mresource_vm_update [36mvmid=[0m108
[90mSat, 12 Apr 2025 17:10:16 -0500[0m [32mINF[0m [1mgithub.com/Telmate/terraform-provider-proxmox/v2/proxmox/resource_vm_qemu.go:1143[0m[36m >[0m [1mReading configuration for vmid[0m [36mloggerName=[0mresource_vm_read [36mvmid=[0m108
[90mSat, 12 Apr 2025 17:10:16 -0500[0m [32mINF[0m [1mgithub.com/Telmate/terraform-provider-proxmox/v2/proxmox/resource_vm_qemu.go:1514[0m[36m >[0m [1mdefine_connection_info is false, no further action[0m [36mloggerName=[0minitConnInfo [36mvmid=[0m108
[90mSat, 12 Apr 2025 18:45:06 -0500[0m [32mINF[0m [1mgithub.com/Telmate/terraform-provider-proxmox/v2/proxmox/util.go:189[0m[36m >[0m [1mLogging Started. Root Logger Set to level info[0m
[90mSat, 12 Apr 2025 18:45:06 -0500[0m [32mINF[0m [1mgithub.com/Telmate/terraform-provider-proxmox/v2/proxmox/resource_pool.go:86[0m[36m >[0m [1mReading configuration for poolid[0m [36mloggerName=[0mresource_pool_read [36mpoolid=[0mtalos
[90mSat, 12 Apr 2025 18:45:06 -0500[0m [32mINF[0m [1mgithub.com/Telmate/terraform-provider-proxmox/v2/proxmox/resource_vm_qemu.go:1143[0m[36m >[0m [1mReading configuration for vmid[0m [36mloggerName=[0mresource_vm_read [36mvmid=[0m105
[90mSat, 12 Apr 2025 18:45:06 -0500[0m [32mINF[0m [1mgithub.com/Telmate/terraform-provider-proxmox/v2/proxmox/resource_vm_qemu.go:1514[0m[36m >[0m [1mdefine_connection_info is false, no further action[0m [36mloggerName=[0minitConnInfo [36mvmid=[0m105
[90mSat, 12 Apr 2025 18:45:06 -0500[0m [32mINF[0m [1mgithub.com/Telmate/terraform-provider-proxmox/v2/proxmox/resource_vm_qemu.go:1143[0m[36m >[0m [1mReading configuration for vmid[0m [36mloggerName=[0mresource_vm_read [36mvmid=[0m109
[90mSat, 12 Apr 2025 18:45:06 -0500[0m [32mINF[0m [1mgithub.com/Telmate/terraform-provider-proxmox/v2/proxmox/resource_vm_qemu.go:1514[0m[36m >[0m [1mdefine_connection_info is false, no further action[0m [36mloggerName=[0minitConnInfo [36mvmid=[0m109
[90mSat, 12 Apr 2025 18:45:06 -0500[0m [32mINF[0m [1mgithub.com/Telmate/terraform-provider-proxmox/v2/proxmox/resource_vm_qemu.go:1143[0m[36m >[0m [1mReading configuration for vmid[0m [36mloggerName=[0mresource_vm_read [36mvmid=[0m104
[90mSat, 12 Apr 2025 18:45:06 -0500[0m [32mINF[0m [1mgithub.com/Telmate/terraform-provider-proxmox/v2/proxmox/resource_vm_qemu.go:1514[0m[36m >[0m [1mdefine_connection_info is false, no further action[0m [36mloggerName=[0minitConnInfo [36mvmid=[0m104
[90mSat, 12 Apr 2025 18:45:06 -0500[0m [32mINF[0m [1mgithub.com/Telmate/terraform-provider-proxmox/v2/proxmox/resource_vm_qemu.go:1143[0m[36m >[0m [1mReading configuration for vmid[0m [36mloggerName=[0mresource_vm_read [36mvmid=[0m107
[90mSat, 12 Apr 2025 18:45:06 -0500[0m [32mINF[0m [1mgithub.com/Telmate/terraform-provider-proxmox/v2/proxmox/resource_vm_qemu.go:1514[0m[36m >[0m [1mdefine_connection_info is false, no further action[0m [36mloggerName=[0minitConnInfo [36mvmid=[0m107
[90mSat, 12 Apr 2025 18:45:06 -0500[0m [32mINF[0m [1mgithub.com/Telmate/terraform-provider-proxmox/v2/proxmox/resource_vm_qemu.go:1143[0m[36m >[0m [1mReading configuration for vmid[0m [36mloggerName=[0mresource_vm_read [36mvmid=[0m0
[90mSat, 12 Apr 2025 18:45:06 -0500[0m [32mINF[0m [1mgithub.com/Telmate/terraform-provider-proxmox/v2/proxmox/resource_vm_qemu.go:1143[0m[36m >[0m [1mReading configuration for vmid[0m [36mloggerName=[0mresource_vm_read [36mvmid=[0m103
[90mSat, 12 Apr 2025 18:45:07 -0500[0m [32mINF[0m [1mgithub.com/Telmate/terraform-provider-proxmox/v2/proxmox/resource_vm_qemu.go:1514[0m[36m >[0m [1mdefine_connection_info is false, no further action[0m [36mloggerName=[0minitConnInfo [36mvmid=[0m103
[90mSat, 12 Apr 2025 18:45:09 -0500[0m [32mINF[0m [1mgithub.com/Telmate/terraform-provider-proxmox/v2/proxmox/util.go:189[0m[36m >[0m [1mLogging Started. Root Logger Set to level info[0m
[90mSat, 12 Apr 2025 18:45:10 -0500[0m [32mINF[0m [1mgithub.com/Telmate/terraform-provider-proxmox/v2/proxmox/resource_vm_qemu.go:670[0m[36m >[0m [1mVM creation[0m [36mloggerName=[0mresource_vm_create [36mvmid=[0m
[90mSat, 12 Apr 2025 18:45:17 -0500[0m [32mINF[0m [1mgithub.com/Telmate/terraform-provider-proxmox/v2/proxmox/resource_vm_qemu.go:1143[0m[36m >[0m [1mReading configuration for vmid[0m [36mloggerName=[0mresource_vm_read [36mvmid=[0m110
[90mSat, 12 Apr 2025 18:45:17 -0500[0m [32mINF[0m [1mgithub.com/Telmate/terraform-provider-proxmox/v2/proxmox/resource_vm_qemu.go:1514[0m[36m >[0m [1mdefine_connection_info is false, no further action[0m [36mloggerName=[0minitConnInfo [36mvmid=[0m110
[90mSat, 12 Apr 2025 18:49:40 -0500[0m [32mINF[0m [1mgithub.com/Telmate/terraform-provider-proxmox/v2/proxmox/util.go:189[0m[36m >[0m [1mLogging Started. Root Logger Set to level info[0m
[90mSat, 12 Apr 2025 18:49:40 -0500[0m [32mINF[0m [1mgithub.com/Telmate/terraform-provider-proxmox/v2/proxmox/resource_pool.go:86[0m[36m >[0m [1mReading configuration for poolid[0m [36mloggerName=[0mresource_pool_read [36mpoolid=[0mtalos
[90mSat, 12 Apr 2025 18:49:40 -0500[0m [32mINF[0m [1mgithub.com/Telmate/terraform-provider-proxmox/v2/proxmox/resource_vm_qemu.go:1143[0m[36m >[0m [1mReading configuration for vmid[0m [36mloggerName=[0mresource_vm_read [36mvmid=[0m104
[90mSat, 12 Apr 2025 18:49:40 -0500[0m [32mINF[0m [1mgithub.com/Telmate/terraform-provider-proxmox/v2/proxmox/resource_vm_qemu.go:1514[0m[36m >[0m [1mdefine_connection_info is false, no further action[0m [36mloggerName=[0minitConnInfo [36mvmid=[0m104
[90mSat, 12 Apr 2025 18:49:40 -0500[0m [32mINF[0m [1mgithub.com/Telmate/terraform-provider-proxmox/v2/proxmox/resource_vm_qemu.go:1143[0m[36m >[0m [1mReading configuration for vmid[0m [36mloggerName=[0mresource_vm_read [36mvmid=[0m110
[90mSat, 12 Apr 2025 18:49:40 -0500[0m [32mINF[0m [1mgithub.com/Telmate/terraform-provider-proxmox/v2/proxmox/resource_vm_qemu.go:1514[0m[36m >[0m [1mdefine_connection_info is false, no further action[0m [36mloggerName=[0minitConnInfo [36mvmid=[0m110
[90mSat, 12 Apr 2025 18:49:40 -0500[0m [32mINF[0m [1mgithub.com/Telmate/terraform-provider-proxmox/v2/proxmox/resource_vm_qemu.go:1143[0m[36m >[0m [1mReading configuration for vmid[0m [36mloggerName=[0mresource_vm_read [36mvmid=[0m105
[90mSat, 12 Apr 2025 18:49:40 -0500[0m [32mINF[0m [1mgithub.com/Telmate/terraform-provider-proxmox/v2/proxmox/resource_vm_qemu.go:1514[0m[36m >[0m [1mdefine_connection_info is false, no further action[0m [36mloggerName=[0minitConnInfo [36mvmid=[0m105
[90mSat, 12 Apr 2025 18:49:40 -0500[0m [32mINF[0m [1mgithub.com/Telmate/terraform-provider-proxmox/v2/proxmox/resource_vm_qemu.go:1143[0m[36m >[0m [1mReading configuration for vmid[0m [36mloggerName=[0mresource_vm_read [36mvmid=[0m109
[90mSat, 12 Apr 2025 18:49:41 -0500[0m [32mINF[0m [1mgithub.com/Telmate/terraform-provider-proxmox/v2/proxmox/resource_vm_qemu.go:1514[0m[36m >[0m [1mdefine_connection_info is false, no further action[0m [36mloggerName=[0minitConnInfo [36mvmid=[0m109
[90mSat, 12 Apr 2025 18:49:41 -0500[0m [32mINF[0m [1mgithub.com/Telmate/terraform-provider-proxmox/v2/proxmox/resource_vm_qemu.go:1143[0m[36m >[0m [1mReading configuration for vmid[0m [36mloggerName=[0mresource_vm_read [36mvmid=[0m107
[90mSat, 12 Apr 2025 18:49:41 -0500[0m [32mINF[0m [1mgithub.com/Telmate/terraform-provider-proxmox/v2/proxmox/resource_vm_qemu.go:1514[0m[36m >[0m [1mdefine_connection_info is false, no further action[0m [36mloggerName=[0minitConnInfo [36mvmid=[0m107
[90mSat, 12 Apr 2025 18:49:41 -0500[0m [32mINF[0m [1mgithub.com/Telmate/terraform-provider-proxmox/v2/proxmox/resource_vm_qemu.go:1143[0m[36m >[0m [1mReading configuration for vmid[0m [36mloggerName=[0mresource_vm_read [36mvmid=[0m103
[90mSat, 12 Apr 2025 18:49:41 -0500[0m [32mINF[0m [1mgithub.com/Telmate/terraform-provider-proxmox/v2/proxmox/resource_vm_qemu.go:1514[0m[36m >[0m [1mdefine_connection_info is false, no further action[0m [36mloggerName=[0minitConnInfo [36mvmid=[0m103
[90mSat, 12 Apr 2025 19:53:25 -0500[0m [32mINF[0m [1mgithub.com/Telmate/terraform-provider-proxmox/v2/proxmox/util.go:189[0m[36m >[0m [1mLogging Started. Root Logger Set to level info[0m
[90mSat, 12 Apr 2025 19:53:25 -0500[0m [32mINF[0m [1mgithub.com/Telmate/terraform-provider-proxmox/v2/proxmox/resource_pool.go:86[0m[36m >[0m [1mReading configuration for poolid[0m [36mloggerName=[0mresource_pool_read [36mpoolid=[0mtalos
[90mSat, 12 Apr 2025 19:53:25 -0500[0m [32mINF[0m [1mgithub.com/Telmate/terraform-provider-proxmox/v2/proxmox/resource_vm_qemu.go:1143[0m[36m >[0m [1mReading configuration for vmid[0m [36mloggerName=[0mresource_vm_read [36mvmid=[0m103
[90mSat, 12 Apr 2025 19:53:25 -0500[0m [32mINF[0m [1mgithub.com/Telmate/terraform-provider-proxmox/v2/proxmox/resource_vm_qemu.go:1514[0m[36m >[0m [1mdefine_connection_info is false, no further action[0m [36mloggerName=[0minitConnInfo [36mvmid=[0m103
[90mSat, 12 Apr 2025 19:53:25 -0500[0m [32mINF[0m [1mgithub.com/Telmate/terraform-provider-proxmox/v2/proxmox/resource_vm_qemu.go:1143[0m[36m >[0m [1mReading configuration for vmid[0m [36mloggerName=[0mresource_vm_read [36mvmid=[0m104
[90mSat, 12 Apr 2025 19:53:25 -0500[0m [32mINF[0m [1mgithub.com/Telmate/terraform-provider-proxmox/v2/proxmox/resource_vm_qemu.go:1514[0m[36m >[0m [1mdefine_connection_info is false, no further action[0m [36mloggerName=[0minitConnInfo [36mvmid=[0m104
[90mSat, 12 Apr 2025 19:53:25 -0500[0m [32mINF[0m [1mgithub.com/Telmate/terraform-provider-proxmox/v2/proxmox/resource_vm_qemu.go:1143[0m[36m >[0m [1mReading configuration for vmid[0m [36mloggerName=[0mresource_vm_read [36mvmid=[0m110
[90mSat, 12 Apr 2025 19:53:25 -0500[0m [32mINF[0m [1mgithub.com/Telmate/terraform-provider-proxmox/v2/proxmox/resource_vm_qemu.go:1514[0m[36m >[0m [1mdefine_connection_info is false, no further action[0m [36mloggerName=[0minitConnInfo [36mvmid=[0m110
[90mSat, 12 Apr 2025 19:53:25 -0500[0m [32mINF[0m [1mgithub.com/Telmate/terraform-provider-proxmox/v2/proxmox/resource_vm_qemu.go:1143[0m[36m >[0m [1mReading configuration for vmid[0m [36mloggerName=[0mresource_vm_read [36mvmid=[0m107
[90mSat, 12 Apr 2025 19:53:26 -0500[0m [32mINF[0m [1mgithub.com/Telmate/terraform-provider-proxmox/v2/proxmox/resource_vm_qemu.go:1514[0m[36m >[0m [1mdefine_connection_info is false, no further action[0m [36mloggerName=[0minitConnInfo [36mvmid=[0m107
[90mSat, 12 Apr 2025 19:53:26 -0500[0m [32mINF[0m [1mgithub.com/Telmate/terraform-provider-proxmox/v2/proxmox/resource_vm_qemu.go:1143[0m[36m >[0m [1mReading configuration for vmid[0m [36mloggerName=[0mresource_vm_read [36mvmid=[0m105
[90mSat, 12 Apr 2025 19:53:26 -0500[0m [32mINF[0m [1mgithub.com/Telmate/terraform-provider-proxmox/v2/proxmox/resource_vm_qemu.go:1514[0m[36m >[0m [1mdefine_connection_info is false, no further action[0m [36mloggerName=[0minitConnInfo [36mvmid=[0m105
[90mSat, 12 Apr 2025 19:53:26 -0500[0m [32mINF[0m [1mgithub.com/Telmate/terraform-provider-proxmox/v2/proxmox/resource_vm_qemu.go:1143[0m[36m >[0m [1mReading configuration for vmid[0m [36mloggerName=[0mresource_vm_read [36mvmid=[0m109
[90mSat, 12 Apr 2025 19:53:26 -0500[0m [32mINF[0m [1mgithub.com/Telmate/terraform-provider-proxmox/v2/proxmox/resource_vm_qemu.go:1514[0m[36m >[0m [1mdefine_connection_info is false, no further action[0m [36mloggerName=[0minitConnInfo [36mvmid=[0m109
[90mSat, 12 Apr 2025 19:53:27 -0500[0m [32mINF[0m [1mgithub.com/Telmate/terraform-provider-proxmox/v2/proxmox/util.go:189[0m[36m >[0m [1mLogging Started. Root Logger Set to level info[0m
[90mSat, 12 Apr 2025 19:53:30 -0500[0m [32mINF[0m [1mgithub.com/Telmate/terraform-provider-proxmox/v2/proxmox/util.go:189[0m[36m >[0m [1mLogging Started. Root Logger Set to level info[0m
[90mSat, 12 Apr 2025 19:54:12 -0500[0m [32mINF[0m [1mgithub.com/Telmate/terraform-provider-proxmox/v2/proxmox/util.go:189[0m[36m >[0m [1mLogging Started. Root Logger Set to level info[0m
[90mSat, 12 Apr 2025 19:54:12 -0500[0m [32mINF[0m [1mgithub.com/Telmate/terraform-provider-proxmox/v2/proxmox/resource_pool.go:86[0m[36m >[0m [1mReading configuration for poolid[0m [36mloggerName=[0mresource_pool_read [36mpoolid=[0mtalos
[90mSat, 12 Apr 2025 19:54:12 -0500[0m [32mINF[0m [1mgithub.com/Telmate/terraform-provider-proxmox/v2/proxmox/util.go:189[0m[36m >[0m [1mLogging Started. Root Logger Set to level info[0m
[90mSat, 12 Apr 2025 19:54:16 -0500[0m [32mINF[0m [1mgithub.com/Telmate/terraform-provider-proxmox/v2/proxmox/util.go:189[0m[36m >[0m [1mLogging Started. Root Logger Set to level info[0m
[90mSat, 12 Apr 2025 19:54:42 -0500[0m [32mINF[0m [1mgithub.com/Telmate/terraform-provider-proxmox/v2/proxmox/util.go:189[0m[36m >[0m [1mLogging Started. Root Logger Set to level info[0m
[90mSat, 12 Apr 2025 19:54:55 -0500[0m [32mINF[0m [1mgithub.com/Telmate/terraform-provider-proxmox/v2/proxmox/util.go:189[0m[36m >[0m [1mLogging Started. Root Logger Set to level info[0m
[90mSat, 12 Apr 2025 19:54:55 -0500[0m [32mINF[0m [1mgithub.com/Telmate/terraform-provider-proxmox/v2/proxmox/resource_pool.go:86[0m[36m >[0m [1mReading configuration for poolid[0m [36mloggerName=[0mresource_pool_read [36mpoolid=[0mtalos
[90mSat, 12 Apr 2025 19:54:55 -0500[0m [32mINF[0m [1mgithub.com/Telmate/terraform-provider-proxmox/v2/proxmox/resource_vm_qemu.go:670[0m[36m >[0m [1mVM creation[0m [36mloggerName=[0mresource_vm_create [36mvmid=[0m
[90mSat, 12 Apr 2025 19:54:55 -0500[0m [32mINF[0m [1mgithub.com/Telmate/terraform-provider-proxmox/v2/proxmox/resource_vm_qemu.go:670[0m[36m >[0m [1mVM creation[0m [36mloggerName=[0mresource_vm_create [36mvmid=[0m
[90mSat, 12 Apr 2025 19:54:55 -0500[0m [32mINF[0m [1mgithub.com/Telmate/terraform-provider-proxmox/v2/proxmox/resource_vm_qemu.go:670[0m[36m >[0m [1mVM creation[0m [36mloggerName=[0mresource_vm_create [36mvmid=[0m
[90mSat, 12 Apr 2025 19:54:55 -0500[0m [32mINF[0m [1mgithub.com/Telmate/terraform-provider-proxmox/v2/proxmox/resource_vm_qemu.go:670[0m[36m >[0m [1mVM creation[0m [36mloggerName=[0mresource_vm_create [36mvmid=[0m
[90mSat, 12 Apr 2025 19:54:55 -0500[0m [32mINF[0m [1mgithub.com/Telmate/terraform-provider-proxmox/v2/proxmox/resource_vm_qemu.go:670[0m[36m >[0m [1mVM creation[0m [36mloggerName=[0mresource_vm_create [36mvmid=[0m
[90mSat, 12 Apr 2025 19:54:55 -0500[0m [32mINF[0m [1mgithub.com/Telmate/terraform-provider-proxmox/v2/proxmox/resource_vm_qemu.go:670[0m[36m >[0m [1mVM creation[0m [36mloggerName=[0mresource_vm_create [36mvmid=[0m
